img/XP001-A1.1_X10Y10Z0.jpg gridY":6.2344846725463867
img/XP001-A1.2_X10Y10Z0.jpg gridY":6.221165657043457
img/XP001-A1.3_X10Y10Z0.jpg gridY":6.2167491912841797
img/XP001-A2.1_X10Y10Z0.jpg gridY":6.2131800651550293
img/XP001-A2.2_X10Y10Z0.jpg gridY":6.2114090919494629
img/XP001-A2.3_X10Y10Z0.jpg gridY":6.2024884223937988
img/XP001-A3.1_X10Y10Z0.jpg gridY":6.2079687118530273
img/XP001-A3.2_X10Y10Z0.jpg gridY":6.2134981155395508
img/XP001-A3.3_X10Y10Z0.jpg gridY":6.2131037712097168
img/XP001-B1.1_X10Y10Z-1.jpg gridY":6.2873373031616211
img/XP001-B1.2_X10Y10Z-1.jpg gridY":6.2909078598022461
img/XP001-B1.3_X10Y10Z-1.jpg gridY":6.2953743934631348
img/XP001-B2.1_X10Y10Z-1.jpg gridY":6.285219669342041
img/XP001-B2.2_X10Y10Z-1.jpg gridY":6.2737712860107422
img/XP001-B2.3_X10Y10Z-1.jpg gridY":6.2737712860107422
img/XP001-B3.1_X10Y10Z-1.jpg
img/XP001-B3.2_X10Y10Z-1.jpg
img/XP001-B3.3_X10Y10Z-1.jpg
img/XP001-C1.1_X10Y10Z-2.jpg gridY":6.3347430229187012
img/XP001-C1.2_X10Y10Z-2.jpg gridY":6.3305444717407227
img/XP001-C1.3_X10Y10Z-2.jpg gridY":6.3343954086303711
img/XP001-C2.1_X10Y10Z-2.jpg gridY":6.312380313873291
img/XP001-C2.2_X10Y10Z-2.jpg
img/XP001-C2.3_X10Y10Z-2.jpg gridY":6.3255295753479004
img/XP001-C3.1_X10Y10Z-2.jpg gridY":6.2983012199401855
img/XP001-C3.2_X10Y10Z-2.jpg gridY":6.3188652992248535
img/XP001-C3.3_X10Y10Z-2.jpg gridY":6.3188652992248535
img/XP001-D1.1_X10Y10Z-3.jpg gridY":6.4475164413452148
img/XP001-D1.2_X10Y10Z-3.jpg gridY":6.4475164413452148
img/XP001-D1.3_X10Y10Z-3.jpg gridY":6.4475164413452148
img/XP001-D2.1_X10Y10Z-3.jpg gridY":6.4424233436584473
img/XP001-D2.2_X10Y10Z-3.jpg gridY":6.4368858337402344
img/XP001-D2.3_X10Y10Z-3.jpg gridY":6.4390907287597656
img/XP001-D3.1_X10Y10Z-3.jpg gridY":6.4424233436584473
img/XP001-D3.2_X10Y10Z-3.jpg gridY":6.4489011764526367
img/XP001-D3.3_X10Y10Z-3.jpg gridY":6.4368858337402344
img/XP001-E1.1_X10Y10Z-4.jpg gridY":6.474726676940918
img/XP001-E1.2_X10Y10Z-4.jpg gridY":6.474726676940918
img/XP001-E1.3_X10Y10Z-4.jpg gridY":15.491950988769531
img/XP001-E2.1_X10Y10Z-4.jpg gridY":6.4685373306274414
img/XP001-E2.2_X10Y10Z-4.jpg gridY":6.4685373306274414
img/XP001-E2.3_X10Y10Z-4.jpg gridY":6.4685373306274414
img/XP001-E3.1_X10Y10Z-4.jpg gridY":6.4685373306274414
img/XP001-E3.2_X10Y10Z-4.jpg gridY":6.4685373306274414
img/XP001-E3.3_X10Y10Z-4.jpg gridY":6.4685373306274414
