img/XP001-A1.1_X10Y10Z0.jpg resolution":6.2699681019922267
img/XP001-A1.2_X10Y10Z0.jpg resolution":6.2699681019922267
img/XP001-A1.3_X10Y10Z0.jpg resolution":6.2699681019922267
img/XP001-A2.1_X10Y10Z0.jpg resolution":6.2699681019922267
img/XP001-A2.2_X10Y10Z0.jpg resolution":6.2699681019922267
img/XP001-A2.3_X10Y10Z0.jpg resolution":6.2699681019922267
img/XP001-A3.1_X10Y10Z0.jpg resolution":6.2699681019922267
img/XP001-A3.2_X10Y10Z0.jpg resolution":6.2699681019922267
img/XP001-A3.3_X10Y10Z0.jpg resolution":6.2624830517953143
img/XP001-B1.1_X10Y10Z-1.jpg resolution":6.2699681019922267
img/XP001-B1.2_X10Y10Z-1.jpg resolution":6.2699681019922267
img/XP001-B1.3_X10Y10Z-1.jpg resolution":6.2699681019922267
img/XP001-B2.1_X10Y10Z-1.jpg resolution":6.2699681019922267
img/XP001-B2.2_X10Y10Z-1.jpg resolution":6.2699681019922267
img/XP001-B2.3_X10Y10Z-1.jpg resolution":6.2699681019922267
img/XP001-B3.1_X10Y10Z-1.jpg resolution":6.2699681019922267
img/XP001-B3.2_X10Y10Z-1.jpg resolution":6.2699681019922267
img/XP001-B3.3_X10Y10Z-1.jpg resolution":6.2699681019922267
img/XP001-C1.1_X10Y10Z-2.jpg resolution":6.2699681019922267
img/XP001-C1.2_X10Y10Z-2.jpg resolution":6.2699681019922267
img/XP001-C1.3_X10Y10Z-2.jpg resolution":6.2699681019922267
img/XP001-C2.1_X10Y10Z-2.jpg resolution":6.2699681019922267
img/XP001-C2.2_X10Y10Z-2.jpg resolution":6.2699681019922267
img/XP001-C2.3_X10Y10Z-2.jpg resolution":6.5192024052026492
img/XP001-C3.1_X10Y10Z-2.jpg resolution":6.2699681019922267
img/XP001-C3.2_X10Y10Z-2.jpg resolution":6.2699681019922267
img/XP001-C3.3_X10Y10Z-2.jpg resolution":6.3945852535974375
img/XP001-D1.1_X10Y10Z-3.jpg resolution":6.5192024052026492
img/XP001-D1.2_X10Y10Z-3.jpg resolution":6.5192024052026492
img/XP001-D1.3_X10Y10Z-3.jpg resolution":6.2699681019922267
img/XP001-D2.1_X10Y10Z-3.jpg resolution":6.2699681019922267
img/XP001-D2.2_X10Y10Z-3.jpg resolution":6.2699681019922267
img/XP001-D2.3_X10Y10Z-3.jpg resolution":6.2699681019922267
img/XP001-D3.1_X10Y10Z-3.jpg resolution":6.3945852535974375
img/XP001-D3.2_X10Y10Z-3.jpg resolution":6.5192024052026492
img/XP001-D3.3_X10Y10Z-3.jpg resolution":6.5192024052026492
img/XP001-E1.1_X10Y10Z-4.jpg resolution":6.5192024052026492
img/XP001-E1.2_X10Y10Z-4.jpg resolution":6.5192024052026492
img/XP001-E1.3_X10Y10Z-4.jpg resolution":6.5192024052026492
img/XP001-E2.1_X10Y10Z-4.jpg resolution":6.5192024052026492
img/XP001-E2.2_X10Y10Z-4.jpg resolution":6.5192024052026492
img/XP001-E2.3_X10Y10Z-4.jpg resolution":6.5192024052026492
img/XP001-E3.1_X10Y10Z-4.jpg resolution":6.5192024052026492
img/XP001-E3.2_X10Y10Z-4.jpg resolution":6.5311642846769242
img/XP001-E3.3_X10Y10Z-4.jpg resolution":6.5192024052026492
